2025-08-12T19:55:42.158+05:30  INFO 53941 --- [backend-project] [main] com.cfn.main.BackendProjectApplication   : Starting BackendProjectApplication using Java 21.0.7 with PID 53941 (/Users/karansingh/Desktop/Logging/backend-project/target/classes started by karansingh in /Users/karansingh/Desktop/Logging/backend-project)
2025-08-12T19:55:42.158+05:30 DEBUG 53941 --- [backend-project] [main] com.cfn.main.BackendProjectApplication   : Running with Spring Boot v3.5.4, Spring v6.2.9
2025-08-12T19:55:42.159+05:30  INFO 53941 --- [backend-project] [main] com.cfn.main.BackendProjectApplication   : No active profile set, falling back to 1 default profile: "default"
2025-08-12T19:55:42.477+05:30  INFO 53941 --- [backend-project] [main] o.s.b.w.embedded.tomcat.TomcatWebServer  : Tomcat initialized with port 8080 (http)
2025-08-12T19:55:42.484+05:30  INFO 53941 --- [backend-project] [main] o.apache.catalina.core.StandardService   : Starting service [Tomcat]
2025-08-12T19:55:42.484+05:30  INFO 53941 --- [backend-project] [main] o.apache.catalina.core.StandardEngine    : Starting Servlet engine: [Apache Tomcat/10.1.43]
2025-08-12T19:55:42.500+05:30  INFO 53941 --- [backend-project] [main] o.a.c.c.C.[Tomcat].[localhost].[/]       : Initializing Spring embedded WebApplicationContext
2025-08-12T19:55:42.501+05:30  INFO 53941 --- [backend-project] [main] w.s.c.ServletWebServerApplicationContext : Root WebApplicationContext: initialization completed in 324 ms
2025-08-12T19:55:42.641+05:30  INFO 53941 --- [backend-project] [main] o.s.b.w.embedded.tomcat.TomcatWebServer  : Tomcat started on port 8080 (http) with context path '/'
2025-08-12T19:55:42.645+05:30  INFO 53941 --- [backend-project] [main] com.cfn.main.BackendProjectApplication   : Started BackendProjectApplication in 0.662 seconds (process running for 1.029)
2025-08-12T19:56:04.270+05:30  INFO 53941 --- [backend-project] [http-nio-8080-exec-1] o.a.c.c.C.[Tomcat].[localhost].[/]       : Initializing Spring DispatcherServlet 'dispatcherServlet'
2025-08-12T19:56:04.271+05:30  INFO 53941 --- [backend-project] [http-nio-8080-exec-1] o.s.web.servlet.DispatcherServlet        : Initializing Servlet 'dispatcherServlet'
2025-08-12T19:56:04.273+05:30  INFO 53941 --- [backend-project] [http-nio-8080-exec-1] o.s.web.servlet.DispatcherServlet        : Completed initialization in 2 ms
2025-08-12T19:56:04.302+05:30  INFO 53941 --- [backend-project] [http-nio-8080-exec-1] c.cfn.main.controllers.HomeController    : This is api calling karan
2025-08-12T19:56:04.303+05:30 DEBUG 53941 --- [backend-project] [http-nio-8080-exec-1] c.cfn.main.controllers.HomeController    : This is api calling karan
2025-08-12T19:56:04.303+05:30 ERROR 53941 --- [backend-project] [http-nio-8080-exec-1] c.cfn.main.controllers.HomeController    : This is api calling karan
2025-08-12T19:56:04.303+05:30 TRACE 53941 --- [backend-project] [http-nio-8080-exec-1] c.cfn.main.controllers.HomeController    : This is api calling karan
2025-08-12T19:56:04.303+05:30  WARN 53941 --- [backend-project] [http-nio-8080-exec-1] c.cfn.main.controllers.HomeController    : This is api calling karan
2025-08-12T19:57:13.349+05:30  INFO 53941 --- [backend-project] [RMI TCP Connection(5)-127.0.0.1] inMXBeanRegistrar$SpringApplicationAdmin : Application shutdown requested.
2025-08-12T19:57:13.358+05:30  INFO 53941 --- [backend-project] [RMI TCP Connection(5)-127.0.0.1] o.s.b.w.e.tomcat.GracefulShutdown        : Commencing graceful shutdown. Waiting for active requests to complete
2025-08-12T19:57:15.374+05:30  INFO 53941 --- [backend-project] [tomcat-shutdown] o.s.b.w.e.tomcat.GracefulShutdown        : Graceful shutdown complete
2025-08-12T19:57:15.375+05:30 ERROR 53941 --- [backend-project] [http-nio-8080-Acceptor] org.apache.tomcat.util.net.Acceptor      : Socket accept failed

java.nio.channels.AsynchronousCloseException: null
	at java.base/java.nio.channels.spi.AbstractInterruptibleChannel.end(AbstractInterruptibleChannel.java:203) ~[na:na]
	at java.base/sun.nio.ch.ServerSocketChannelImpl.end(ServerSocketChannelImpl.java:383) ~[na:na]
	at java.base/sun.nio.ch.ServerSocketChannelImpl.accept(ServerSocketChannelImpl.java:407) ~[na:na]
	at org.apache.tomcat.util.net.NioEndpoint.serverSocketAccept(NioEndpoint.java:537) ~[tomcat-embed-core-10.1.43.jar:10.1.43]
	at org.apache.tomcat.util.net.NioEndpoint.serverSocketAccept(NioEndpoint.java:72) ~[tomcat-embed-core-10.1.43.jar:10.1.43]
	at org.apache.tomcat.util.net.Acceptor.run(Acceptor.java:127) ~[tomcat-embed-core-10.1.43.jar:10.1.43]
	at java.base/java.lang.Thread.run(Thread.java:1583) ~[na:na]

2025-08-12T19:57:23.029+05:30  INFO 53963 --- [backend-project] [main] com.cfn.main.BackendProjectApplication   : Starting BackendProjectApplication using Java 21.0.7 with PID 53963 (/Users/karansingh/Desktop/Logging/backend-project/target/classes started by karansingh in /Users/karansingh/Desktop/Logging/backend-project)
2025-08-12T19:57:23.029+05:30 DEBUG 53963 --- [backend-project] [main] com.cfn.main.BackendProjectApplication   : Running with Spring Boot v3.5.4, Spring v6.2.9
2025-08-12T19:57:23.030+05:30  INFO 53963 --- [backend-project] [main] com.cfn.main.BackendProjectApplication   : No active profile set, falling back to 1 default profile: "default"
2025-08-12T19:57:23.329+05:30  INFO 53963 --- [backend-project] [main] o.s.b.w.embedded.tomcat.TomcatWebServer  : Tomcat initialized with port 8080 (http)
2025-08-12T19:57:23.336+05:30  INFO 53963 --- [backend-project] [main] o.apache.catalina.core.StandardService   : Starting service [Tomcat]
2025-08-12T19:57:23.336+05:30  INFO 53963 --- [backend-project] [main] o.apache.catalina.core.StandardEngine    : Starting Servlet engine: [Apache Tomcat/10.1.43]
2025-08-12T19:57:23.352+05:30  INFO 53963 --- [backend-project] [main] o.a.c.c.C.[Tomcat].[localhost].[/]       : Initializing Spring embedded WebApplicationContext
2025-08-12T19:57:23.352+05:30  INFO 53963 --- [backend-project] [main] w.s.c.ServletWebServerApplicationContext : Root WebApplicationContext: initialization completed in 306 ms
2025-08-12T19:57:23.485+05:30  INFO 53963 --- [backend-project] [main] o.s.b.w.embedded.tomcat.TomcatWebServer  : Tomcat started on port 8080 (http) with context path '/'
2025-08-12T19:57:23.489+05:30  INFO 53963 --- [backend-project] [main] com.cfn.main.BackendProjectApplication   : Started BackendProjectApplication in 0.619 seconds (process running for 0.878)
2025-08-12T19:57:28.540+05:30  INFO 53963 --- [backend-project] [http-nio-8080-exec-1] o.a.c.c.C.[Tomcat].[localhost].[/]       : Initializing Spring DispatcherServlet 'dispatcherServlet'
2025-08-12T19:57:28.540+05:30  INFO 53963 --- [backend-project] [http-nio-8080-exec-1] o.s.web.servlet.DispatcherServlet        : Initializing Servlet 'dispatcherServlet'
2025-08-12T19:57:28.541+05:30  INFO 53963 --- [backend-project] [http-nio-8080-exec-1] o.s.web.servlet.DispatcherServlet        : Completed initialization in 1 ms
2025-08-12T19:57:28.565+05:30  INFO 53963 --- [backend-project] [http-nio-8080-exec-1] c.cfn.main.controllers.HomeController    : This is api calling karan
2025-08-12T19:57:28.566+05:30 DEBUG 53963 --- [backend-project] [http-nio-8080-exec-1] c.cfn.main.controllers.HomeController    : This is api calling karan
2025-08-12T19:57:28.566+05:30 ERROR 53963 --- [backend-project] [http-nio-8080-exec-1] c.cfn.main.controllers.HomeController    : This is api calling karan
2025-08-12T19:57:28.566+05:30 TRACE 53963 --- [backend-project] [http-nio-8080-exec-1] c.cfn.main.controllers.HomeController    : This is api calling karan
2025-08-12T19:57:28.566+05:30  WARN 53963 --- [backend-project] [http-nio-8080-exec-1] c.cfn.main.controllers.HomeController    : This is api calling karan
2025-08-12T19:58:05.463+05:30  INFO 53963 --- [backend-project] [RMI TCP Connection(4)-127.0.0.1] inMXBeanRegistrar$SpringApplicationAdmin : Application shutdown requested.
2025-08-12T19:58:05.471+05:30  INFO 53963 --- [backend-project] [RMI TCP Connection(4)-127.0.0.1] o.s.b.w.e.tomcat.GracefulShutdown        : Commencing graceful shutdown. Waiting for active requests to complete
2025-08-12T19:58:07.488+05:30  INFO 53963 --- [backend-project] [tomcat-shutdown] o.s.b.w.e.tomcat.GracefulShutdown        : Graceful shutdown complete
2025-08-12T19:58:07.489+05:30 ERROR 53963 --- [backend-project] [http-nio-8080-Acceptor] org.apache.tomcat.util.net.Acceptor      : Socket accept failed

java.nio.channels.AsynchronousCloseException: null
	at java.base/java.nio.channels.spi.AbstractInterruptibleChannel.end(AbstractInterruptibleChannel.java:203) ~[na:na]
	at java.base/sun.nio.ch.ServerSocketChannelImpl.end(ServerSocketChannelImpl.java:383) ~[na:na]
	at java.base/sun.nio.ch.ServerSocketChannelImpl.accept(ServerSocketChannelImpl.java:407) ~[na:na]
	at org.apache.tomcat.util.net.NioEndpoint.serverSocketAccept(NioEndpoint.java:537) ~[tomcat-embed-core-10.1.43.jar:10.1.43]
	at org.apache.tomcat.util.net.NioEndpoint.serverSocketAccept(NioEndpoint.java:72) ~[tomcat-embed-core-10.1.43.jar:10.1.43]
	at org.apache.tomcat.util.net.Acceptor.run(Acceptor.java:127) ~[tomcat-embed-core-10.1.43.jar:10.1.43]
	at java.base/java.lang.Thread.run(Thread.java:1583) ~[na:na]

